=N:[UsageMeter (2025-03-05 15:55:09 Türkiye Standart Saati)] usage server initial connection
=N:[License] 
Licensed for Altair DSim Cloud.
=N:[License] New lease granted.
Analyzing...
Elaborating...
  Top-level modules:
    $unit
    system_funcations
  Found 4 unique specialization(s) of 4 design element(s).
Optimizing...
Building models...
PLI/VPI access: (none) 
Simulation time precision is 1ns.
Linking image.so...
Using default typical min/typ/max.
=S:Begin run-time elaboration and static initialization...
=N:Starting event scheduler...
addr1=1289791526, addr2=3477341612, addr3=3321111618120866694, data=2386404268
addr1=22, addr2=18, addr3=26
=T:Event queue exhausted - terminating run.
Simulation statistics:
    End time: 0 ticks
    Events processed: 1
      Fast events: 0
    Run time: 0.04 sec
    Garbage collections: 1
    Terminal heap size: 262144
    Total bytes allocated: 4000
  Altair DSim version: 2025.0.0000 (b:S #c:32 h:e6a01125e5 os:msys2_)
  Random seed: (defaulted to 1)
