=N:[UsageMeter (2025-02-26 16:52:10 Türkiye Standart Saati)] usage server initial connection
=N:[License] 
Licensed for Altair DSim Cloud.
=N:[License] New lease granted.
Analyzing...
Elaborating...
  Top-level modules:
    $unit
    fixedsize_array
  Found 4 unique specialization(s) of 4 design element(s).
Optimizing...
Building models...
PLI/VPI access: (none) 
Simulation time precision is 1ns.
  [1/5] module $root: 128 functions, 289 basic blocks
  [2/5] module $pkgs: 1 functions, 2 basic blocks
  [3/5] CU scope $unit: 1 functions, 2 basic blocks
  [4/5] module fixedsize_array: 2 functions, 30 basic blocks
  [5/5] package std: 23 functions, 64 basic blocks
Linking image.so...
Using default typical min/typ/max.
=S:Begin run-time elaboration and static initialization...
=N:Starting event scheduler...
-------displaying array1-------
	 array1[0] = 0
	 array1[1] = 1
	 array1[2] = 2
	 array1[3] = 3
	 array1[4] = 4
	 array1[5] = 5
-------displaying array2-------
	 array2[0] = 5
	 array2[1] = 4
	 array2[2] = 3
	 array2[3] = 2
	 array2[4] = 1
	 array2[5] = 0
-------displaying array3-------
	 array3[2][3] = 0
	 array3[2][2] = 1
	 array3[2][1] = 2
	 array3[2][0] = 3
	 array3[1][3] = 4
	 array3[1][2] = 5
	 array3[1][1] = 6
	 array3[1][0] = 7
	 array3[0][3] = 8
	 array3[0][2] = 9
	 array3[0][1] = 10
	 array3[0][0] = 11
-------displaying uninitialized array4-------
	 array4[0] = 0
	 array4[1] = 0
	 array4[2] = 0
	 array4[3] = 0
	 array4[4] = 0
=T:Event queue exhausted - terminating run.
Simulation statistics:
    End time: 0 ticks
    Events processed: 1
      Fast events: 0
    Run time: 0.05 sec
    Garbage collections: 1
    Terminal heap size: 262144
    Total bytes allocated: 4800
  Altair DSim version: 2025.0.0000 (b:S #c:32 h:e6a01125e5 os:msys2_)
  Random seed: (defaulted to 1)
