=N:[UsageMeter (2025-02-26 15:15:16 Türkiye Standart Saati)] usage server initial connection
=N:[License] 
Licensed for Altair DSim Cloud.
=N:[License] New lease granted.
Analyzing...
Elaborating...
  Top-level modules:
    $unit
    struct_tb
  Found 4 unique specialization(s) of 4 design element(s).
Optimizing...
Building models...
PLI/VPI access: (none) 
Simulation time precision is 1ns.
  [1/5] module $root: 98 functions, 229 basic blocks
  [4/5] module struct_tb: 9 functions, 29 basic blocks
Linking image.so...
Using default typical min/typ/max.
=S:Begin run-time elaboration and static initialization...
=N:Starting event scheduler...
pkt = '{addr:6, valid:VALID_PKT, data:3221295019}
pkt = '{addr:8, valid:VALID_PKT, data:3221295019}
pkt = '{addr:8, valid:INVALID_PKT, data:3221295019}
=T:Event queue exhausted - terminating run.
Simulation statistics:
    End time: 0 ticks
    Events processed: 1
      Fast events: 0
    Run time: 0.04 sec
    Garbage collections: 1
    Terminal heap size: 262144
    Total bytes allocated: 3584
  Altair DSim version: 2025.0.0000 (b:S #c:32 h:e6a01125e5 os:msys2_)
  Random seed: (defaulted to 1)
