=N:[UsageMeter (2025-02-27 13:54:17 Türkiye Standart Saati)] usage server initial connection
=N:[License] 
Licensed for Altair DSim Cloud.
=N:[License] New lease granted.
Analyzing...
Elaborating...
  Top-level modules:
    $unit
    associative_array
  Found 4 unique specialization(s) of 4 design element(s).
Optimizing...
Building models...
PLI/VPI access: (none) 
Simulation time precision is 1ns.
  [1/5] module $root: 174 functions, 385 basic blocks
  [4/5] module associative_array: 2 functions, 16 basic blocks
Linking image.so...
Using default typical min/typ/max.
=S:Begin run-time elaboration and static initialization...
=N:Starting event scheduler...
a_array1[5] = 10
a_array1[8] = 20
a_array2[BAD PKT] = 0
a_array2[GOOD PKT] = 1
=T:Event queue exhausted - terminating run.
Simulation statistics:
    End time: 0 ticks
    Events processed: 1
      Fast events: 0
    Run time: 0.04 sec
    Garbage collections: 1
    Terminal heap size: 262144
    Total bytes allocated: 3904
  Altair DSim version: 2025.0.0000 (b:S #c:32 h:e6a01125e5 os:msys2_)
  Random seed: (defaulted to 1)
